-------------------------------------------------------------------------------
Test set: fr.epita.project.internal.InternalApplicationTests
-------------------------------------------------------------------------------
Tests run: 1, Failures: 0, Errors: 1, Skipped: 0, Time elapsed: 0.81 s <<< FAILURE! - in fr.epita.project.internal.InternalApplicationTests
fr.epita.project.internal.InternalApplicationTests  Time elapsed: 0.808 s  <<< ERROR!
java.lang.IllegalStateException: Unable to find a @SpringBootConfiguration, you need to use @ContextConfiguration or @SpringBootTest(classes=...) with your test

